<?xml version="1.0" encoding="UTF-8"?>
<!-- Generated by org.testng.reporters.JUnitReportReporter -->
<testsuite hostname="LAPTOP-A6B6VJG4" failures="0" tests="3" name="Part3.DynamicJson2_DataProvider" time="5.208" errors="0" timestamp="2025-01-25T20:16:33 IST" skipped="0">
  <testcase classname="Part3.DynamicJson2_DataProvider" name="Addbook" time="0.696"/>
  <testcase classname="Part3.DynamicJson2_DataProvider" name="Addbook" time="1.131"/>
  <testcase classname="Part3.DynamicJson2_DataProvider" name="Addbook" time="3.381"/>
</testsuite> <!-- Part3.DynamicJson2_DataProvider -->
