<?xml version="1.0" encoding="UTF-8"?>
<!-- Generated by org.testng.reporters.JUnitReportReporter -->
<testsuite hostname="LAPTOP-A6B6VJG4" failures="0" tests="1" name="ComplexJSONBook1" time="2.384" errors="0" timestamp="2025-01-25T16:51:21 IST" skipped="0">
  <testcase classname="ComplexJSONBook1" name="sumOfCouses" time="2.384"/>
</testsuite> <!-- ComplexJSONBook1 -->
