<?xml version="1.0" encoding="UTF-8"?>
<!-- Generated by org.testng.reporters.JUnitReportReporter -->
<testsuite hostname="LAPTOP-A6B6VJG4" failures="0" tests="1" name="Part3.JSONFileCall" time="7.080" errors="0" timestamp="2025-01-25T20:47:38 IST" skipped="0">
  <testcase classname="Part3.JSONFileCall" name="Jsondirectcall" time="7.080"/>
</testsuite> <!-- Part3.JSONFileCall -->
