<?xml version="1.0" encoding="UTF-8"?>
<!-- Generated by org.testng.reporters.JUnitReportReporter -->
<testsuite hostname="LAPTOP-A6B6VJG4" failures="0" tests="1" name="Part3.DynamicJSON1" time="4.885" errors="0" timestamp="2025-01-25T19:53:04 IST" skipped="0">
  <testcase classname="Part3.DynamicJSON1" name="Addbook" time="4.885"/>
</testsuite> <!-- Part3.DynamicJSON1 -->
